<?xml version="1.0" encoding="UTF-8"?>
<!-- Generated by org.testng.reporters.JUnitReportReporter -->
<testsuite skipped="4" hostname="DESKTOP-F2AI0QF" name="day2.NegativeContactList" tests="5" failures="0" timestamp="08 Oct 2021 07:24:00 GMT" time="4.553" errors="0">
  <testcase name="addingInivalidFormat" time="4.553" classname="day2.NegativeContactList"/>
  <testcase name="addingContactBigSize" classname="day2.NegativeContactList">
    <skipped/>
  </testcase> <!-- addingContactBigSize -->
  <testcase name="addingContactMissing" classname="day2.NegativeContactList">
    <skipped/>
  </testcase> <!-- addingContactMissing -->
  <testcase name="recordNotFound" classname="day2.NegativeContactList">
    <skipped/>
  </testcase> <!-- recordNotFound -->
  <testcase name="addingInivalidCharacters" classname="day2.NegativeContactList">
    <skipped/>
  </testcase> <!-- addingInivalidCharacters -->
</testsuite> <!-- day2.NegativeContactList -->
