<?xml version="1.0" encoding="UTF-8"?>
<!-- Generated by org.testng.reporters.JUnitReportReporter -->
<testsuite skipped="5" hostname="DESKTOP-F2AI0QF" name="day2.PositiveContactList" tests="8" failures="0" timestamp="08 Oct 2021 06:10:25 GMT" time="5.674" errors="0">
  <testcase name="deleteContact" time="0.694" classname="day2.PositiveContactList"/>
  <testcase name="addingContact" time="4.300" classname="day2.PositiveContactList"/>
  <testcase name="checkDeletion" time="0.680" classname="day2.PositiveContactList"/>
  <testcase name="updatingContact" classname="day2.PositiveContactList">
    <skipped/>
  </testcase> <!-- updatingContact -->
  <testcase name="getSpecificContact3" classname="day2.PositiveContactList">
    <skipped/>
  </testcase> <!-- getSpecificContact3 -->
  <testcase name="getContactList" classname="day2.PositiveContactList">
    <skipped/>
  </testcase> <!-- getContactList -->
  <testcase name="getSpecificContact" classname="day2.PositiveContactList">
    <skipped/>
  </testcase> <!-- getSpecificContact -->
  <testcase name="getSpecificContact2" classname="day2.PositiveContactList">
    <skipped/>
  </testcase> <!-- getSpecificContact2 -->
</testsuite> <!-- day2.PositiveContactList -->
