<?xml version="1.0" encoding="UTF-8"?>
<!-- Generated by org.testng.reporters.JUnitReportReporter -->
<testsuite skipped="1" hostname="DESKTOP-F2AI0QF" name="day1.WeatherApi" tests="2" failures="0" timestamp="07 Oct 2021 13:15:14 GMT" time="4.031" errors="0">
  <testcase name="getWeather2" time="4.031" classname="day1.WeatherApi"/>
  <testcase name="getWeather" classname="day1.WeatherApi">
    <skipped/>
  </testcase> <!-- getWeather -->
</testsuite> <!-- day1.WeatherApi -->
