<?xml version="1.0" encoding="UTF-8"?>
<!-- Generated by org.testng.reporters.JUnitReportReporter -->
<testsuite skipped="1" hostname="DESKTOP-F2AI0QF" name="day2.Github" tests="2" failures="0" timestamp="08 Oct 2021 09:59:04 GMT" time="3.059" errors="0">
  <testcase name="createNewRepo" time="3.059" classname="day2.Github"/>
  <testcase name="gettingAllRepos" classname="day2.Github">
    <skipped/>
  </testcase> <!-- gettingAllRepos -->
</testsuite> <!-- day2.Github -->
